<?xml version="1.0" encoding="UTF-8"?>
<testsuite xmlns:xsi="http://www.w3.org/2001/XMLSchema-instance" xsi:noNamespaceSchemaLocation="https://maven.apache.org/surefire/maven-surefire-plugin/xsd/surefire-test-report.xsd" name="MainPageTest" time="17.877" tests="6" errors="0" skipped="0" failures="0">
  <properties>
    <property name="java.specification.version" value="20"/>
    <property name="sun.jnu.encoding" value="UTF-8"/>
    <property name="java.class.path" value="/Users/maximyeliseyev/Documents/YandexPracticum/Diplom/Diplom_3/Diplom_3/target/test-classes:/Users/maximyeliseyev/Documents/YandexPracticum/Diplom/Diplom_3/Diplom_3/target/classes:/Users/maximyeliseyev/.m2/repository/org/junit/jupiter/junit-jupiter-engine/5.8.1/junit-jupiter-engine-5.8.1.jar:/Users/maximyeliseyev/.m2/repository/org/junit/platform/junit-platform-engine/1.8.1/junit-platform-engine-1.8.1.jar:/Users/maximyeliseyev/.m2/repository/org/opentest4j/opentest4j/1.2.0/opentest4j-1.2.0.jar:/Users/maximyeliseyev/.m2/repository/org/junit/platform/junit-platform-commons/1.8.1/junit-platform-commons-1.8.1.jar:/Users/maximyeliseyev/.m2/repository/org/junit/jupiter/junit-jupiter-api/5.8.1/junit-jupiter-api-5.8.1.jar:/Users/maximyeliseyev/.m2/repository/org/apiguardian/apiguardian-api/1.1.2/apiguardian-api-1.1.2.jar:/Users/maximyeliseyev/.m2/repository/io/rest-assured/rest-assured/4.4.0/rest-assured-4.4.0.jar:/Users/maximyeliseyev/.m2/repository/org/codehaus/groovy/groovy/3.0.8/groovy-3.0.8.jar:/Users/maximyeliseyev/.m2/repository/org/codehaus/groovy/groovy-xml/3.0.8/groovy-xml-3.0.8.jar:/Users/maximyeliseyev/.m2/repository/org/apache/httpcomponents/httpclient/4.5.13/httpclient-4.5.13.jar:/Users/maximyeliseyev/.m2/repository/org/apache/httpcomponents/httpcore/4.4.13/httpcore-4.4.13.jar:/Users/maximyeliseyev/.m2/repository/commons-logging/commons-logging/1.2/commons-logging-1.2.jar:/Users/maximyeliseyev/.m2/repository/commons-codec/commons-codec/1.11/commons-codec-1.11.jar:/Users/maximyeliseyev/.m2/repository/org/apache/httpcomponents/httpmime/4.5.13/httpmime-4.5.13.jar:/Users/maximyeliseyev/.m2/repository/org/hamcrest/hamcrest/2.1/hamcrest-2.1.jar:/Users/maximyeliseyev/.m2/repository/org/ccil/cowan/tagsoup/tagsoup/1.2.1/tagsoup-1.2.1.jar:/Users/maximyeliseyev/.m2/repository/io/rest-assured/json-path/4.4.0/json-path-4.4.0.jar:/Users/maximyeliseyev/.m2/repository/org/codehaus/groovy/groovy-json/3.0.8/groovy-json-3.0.8.jar:/Users/maximyeliseyev/.m2/repository/io/rest-assured/rest-assured-common/4.4.0/rest-assured-common-4.4.0.jar:/Users/maximyeliseyev/.m2/repository/io/rest-assured/xml-path/4.4.0/xml-path-4.4.0.jar:/Users/maximyeliseyev/.m2/repository/jakarta/xml/bind/jakarta.xml.bind-api/2.3.3/jakarta.xml.bind-api-2.3.3.jar:/Users/maximyeliseyev/.m2/repository/jakarta/activation/jakarta.activation-api/1.2.2/jakarta.activation-api-1.2.2.jar:/Users/maximyeliseyev/.m2/repository/com/sun/xml/bind/jaxb-impl/2.3.3/jaxb-impl-2.3.3.jar:/Users/maximyeliseyev/.m2/repository/org/seleniumhq/selenium/selenium-java/3.141.59/selenium-java-3.141.59.jar:/Users/maximyeliseyev/.m2/repository/org/seleniumhq/selenium/selenium-api/3.141.59/selenium-api-3.141.59.jar:/Users/maximyeliseyev/.m2/repository/org/seleniumhq/selenium/selenium-chrome-driver/3.141.59/selenium-chrome-driver-3.141.59.jar:/Users/maximyeliseyev/.m2/repository/org/seleniumhq/selenium/selenium-edge-driver/3.141.59/selenium-edge-driver-3.141.59.jar:/Users/maximyeliseyev/.m2/repository/org/seleniumhq/selenium/selenium-firefox-driver/3.141.59/selenium-firefox-driver-3.141.59.jar:/Users/maximyeliseyev/.m2/repository/org/seleniumhq/selenium/selenium-ie-driver/3.141.59/selenium-ie-driver-3.141.59.jar:/Users/maximyeliseyev/.m2/repository/org/seleniumhq/selenium/selenium-opera-driver/3.141.59/selenium-opera-driver-3.141.59.jar:/Users/maximyeliseyev/.m2/repository/org/seleniumhq/selenium/selenium-remote-driver/3.141.59/selenium-remote-driver-3.141.59.jar:/Users/maximyeliseyev/.m2/repository/org/seleniumhq/selenium/selenium-safari-driver/3.141.59/selenium-safari-driver-3.141.59.jar:/Users/maximyeliseyev/.m2/repository/org/seleniumhq/selenium/selenium-support/3.141.59/selenium-support-3.141.59.jar:/Users/maximyeliseyev/.m2/repository/net/bytebuddy/byte-buddy/1.8.15/byte-buddy-1.8.15.jar:/Users/maximyeliseyev/.m2/repository/org/apache/commons/commons-exec/1.3/commons-exec-1.3.jar:/Users/maximyeliseyev/.m2/repository/com/google/guava/guava/25.0-jre/guava-25.0-jre.jar:/Users/maximyeliseyev/.m2/repository/com/google/code/findbugs/jsr305/1.3.9/jsr305-1.3.9.jar:/Users/maximyeliseyev/.m2/repository/org/checkerframework/checker-compat-qual/2.0.0/checker-compat-qual-2.0.0.jar:/Users/maximyeliseyev/.m2/repository/com/google/errorprone/error_prone_annotations/2.1.3/error_prone_annotations-2.1.3.jar:/Users/maximyeliseyev/.m2/repository/com/google/j2objc/j2objc-annotations/1.1/j2objc-annotations-1.1.jar:/Users/maximyeliseyev/.m2/repository/org/codehaus/mojo/animal-sniffer-annotations/1.14/animal-sniffer-annotations-1.14.jar:/Users/maximyeliseyev/.m2/repository/com/squareup/okhttp3/okhttp/3.11.0/okhttp-3.11.0.jar:/Users/maximyeliseyev/.m2/repository/com/squareup/okio/okio/1.14.0/okio-1.14.0.jar:/Users/maximyeliseyev/.m2/repository/com/codeborne/selenide/5.23.2/selenide-5.23.2.jar:/Users/maximyeliseyev/.m2/repository/io/github/bonigarcia/webdrivermanager/4.4.3/webdrivermanager-4.4.3.jar:/Users/maximyeliseyev/.m2/repository/commons-io/commons-io/2.8.0/commons-io-2.8.0.jar:/Users/maximyeliseyev/.m2/repository/com/google/code/gson/gson/2.8.6/gson-2.8.6.jar:/Users/maximyeliseyev/.m2/repository/org/jsoup/jsoup/1.13.1/jsoup-1.13.1.jar:/Users/maximyeliseyev/.m2/repository/org/rauschig/jarchivelib/1.1.0/jarchivelib-1.1.0.jar:/Users/maximyeliseyev/.m2/repository/org/apache/commons/commons-compress/1.20/commons-compress-1.20.jar:/Users/maximyeliseyev/.m2/repository/org/apache/httpcomponents/client5/httpclient5/5.1/httpclient5-5.1.jar:/Users/maximyeliseyev/.m2/repository/org/apache/httpcomponents/core5/httpcore5/5.1.1/httpcore5-5.1.1.jar:/Users/maximyeliseyev/.m2/repository/org/apache/httpcomponents/core5/httpcore5-h2/5.1.1/httpcore5-h2-5.1.1.jar:/Users/maximyeliseyev/.m2/repository/org/slf4j/slf4j-api/1.7.32/slf4j-api-1.7.32.jar:/Users/maximyeliseyev/.m2/repository/io/qameta/allure/allure-junit5/2.17.3/allure-junit5-2.17.3.jar:/Users/maximyeliseyev/.m2/repository/io/qameta/allure/allure-junit-platform/2.17.3/allure-junit-platform-2.17.3.jar:/Users/maximyeliseyev/.m2/repository/io/qameta/allure/allure-java-commons/2.17.3/allure-java-commons-2.17.3.jar:/Users/maximyeliseyev/.m2/repository/io/qameta/allure/allure-model/2.17.3/allure-model-2.17.3.jar:/Users/maximyeliseyev/.m2/repository/io/qameta/allure/allure-test-filter/2.17.3/allure-test-filter-2.17.3.jar:/Users/maximyeliseyev/.m2/repository/org/junit/platform/junit-platform-launcher/1.8.2/junit-platform-launcher-1.8.2.jar:/Users/maximyeliseyev/.m2/repository/io/qameta/allure/allure-rest-assured/2.17.3/allure-rest-assured-2.17.3.jar:/Users/maximyeliseyev/.m2/repository/io/qameta/allure/allure-attachments/2.17.3/allure-attachments-2.17.3.jar:/Users/maximyeliseyev/.m2/repository/org/freemarker/freemarker/2.3.31/freemarker-2.3.31.jar:/Users/maximyeliseyev/.m2/repository/com/github/javafaker/javafaker/1.0.2/javafaker-1.0.2.jar:/Users/maximyeliseyev/.m2/repository/org/apache/commons/commons-lang3/3.5/commons-lang3-3.5.jar:/Users/maximyeliseyev/.m2/repository/org/yaml/snakeyaml/1.23/snakeyaml-1.23-android.jar:/Users/maximyeliseyev/.m2/repository/com/github/mifmif/generex/1.0.2/generex-1.0.2.jar:/Users/maximyeliseyev/.m2/repository/dk/brics/automaton/automaton/1.11-8/automaton-1.11-8.jar:/Users/maximyeliseyev/.m2/repository/pl/pragmatists/JUnitParams/1.0.4/JUnitParams-1.0.4.jar:/Users/maximyeliseyev/.m2/repository/junit/junit/4.11/junit-4.11.jar:/Users/maximyeliseyev/.m2/repository/org/hamcrest/hamcrest-core/1.3/hamcrest-core-1.3.jar:"/>
    <property name="java.vm.vendor" value="Homebrew"/>
    <property name="sun.arch.data.model" value="64"/>
    <property name="java.vendor.url" value="https://github.com/Homebrew/homebrew-core/issues"/>
    <property name="user.timezone" value="Europe/Istanbul"/>
    <property name="os.name" value="Mac OS X"/>
    <property name="java.vm.specification.version" value="20"/>
    <property name="sun.java.launcher" value="SUN_STANDARD"/>
    <property name="user.country" value="GB"/>
    <property name="sun.boot.library.path" value="/usr/local/Cellar/openjdk/20.0.1/libexec/openjdk.jdk/Contents/Home/lib"/>
    <property name="sun.java.command" value="/Users/maximyeliseyev/Documents/YandexPracticum/Diplom/Diplom_3/Diplom_3/target/surefire/surefirebooter241184233682338388.jar /Users/maximyeliseyev/Documents/YandexPracticum/Diplom/Diplom_3/Diplom_3/target/surefire 2023-05-07T23-36-04_791-jvmRun1 surefire17570983132602433940tmp surefire_017375604546047700168tmp"/>
    <property name="http.nonProxyHosts" value="local|*.local|169.254/16|*.169.254/16"/>
    <property name="jdk.debug" value="release"/>
    <property name="surefire.test.class.path" value="/Users/maximyeliseyev/Documents/YandexPracticum/Diplom/Diplom_3/Diplom_3/target/test-classes:/Users/maximyeliseyev/Documents/YandexPracticum/Diplom/Diplom_3/Diplom_3/target/classes:/Users/maximyeliseyev/.m2/repository/org/junit/jupiter/junit-jupiter-engine/5.8.1/junit-jupiter-engine-5.8.1.jar:/Users/maximyeliseyev/.m2/repository/org/junit/platform/junit-platform-engine/1.8.1/junit-platform-engine-1.8.1.jar:/Users/maximyeliseyev/.m2/repository/org/opentest4j/opentest4j/1.2.0/opentest4j-1.2.0.jar:/Users/maximyeliseyev/.m2/repository/org/junit/platform/junit-platform-commons/1.8.1/junit-platform-commons-1.8.1.jar:/Users/maximyeliseyev/.m2/repository/org/junit/jupiter/junit-jupiter-api/5.8.1/junit-jupiter-api-5.8.1.jar:/Users/maximyeliseyev/.m2/repository/org/apiguardian/apiguardian-api/1.1.2/apiguardian-api-1.1.2.jar:/Users/maximyeliseyev/.m2/repository/io/rest-assured/rest-assured/4.4.0/rest-assured-4.4.0.jar:/Users/maximyeliseyev/.m2/repository/org/codehaus/groovy/groovy/3.0.8/groovy-3.0.8.jar:/Users/maximyeliseyev/.m2/repository/org/codehaus/groovy/groovy-xml/3.0.8/groovy-xml-3.0.8.jar:/Users/maximyeliseyev/.m2/repository/org/apache/httpcomponents/httpclient/4.5.13/httpclient-4.5.13.jar:/Users/maximyeliseyev/.m2/repository/org/apache/httpcomponents/httpcore/4.4.13/httpcore-4.4.13.jar:/Users/maximyeliseyev/.m2/repository/commons-logging/commons-logging/1.2/commons-logging-1.2.jar:/Users/maximyeliseyev/.m2/repository/commons-codec/commons-codec/1.11/commons-codec-1.11.jar:/Users/maximyeliseyev/.m2/repository/org/apache/httpcomponents/httpmime/4.5.13/httpmime-4.5.13.jar:/Users/maximyeliseyev/.m2/repository/org/hamcrest/hamcrest/2.1/hamcrest-2.1.jar:/Users/maximyeliseyev/.m2/repository/org/ccil/cowan/tagsoup/tagsoup/1.2.1/tagsoup-1.2.1.jar:/Users/maximyeliseyev/.m2/repository/io/rest-assured/json-path/4.4.0/json-path-4.4.0.jar:/Users/maximyeliseyev/.m2/repository/org/codehaus/groovy/groovy-json/3.0.8/groovy-json-3.0.8.jar:/Users/maximyeliseyev/.m2/repository/io/rest-assured/rest-assured-common/4.4.0/rest-assured-common-4.4.0.jar:/Users/maximyeliseyev/.m2/repository/io/rest-assured/xml-path/4.4.0/xml-path-4.4.0.jar:/Users/maximyeliseyev/.m2/repository/jakarta/xml/bind/jakarta.xml.bind-api/2.3.3/jakarta.xml.bind-api-2.3.3.jar:/Users/maximyeliseyev/.m2/repository/jakarta/activation/jakarta.activation-api/1.2.2/jakarta.activation-api-1.2.2.jar:/Users/maximyeliseyev/.m2/repository/com/sun/xml/bind/jaxb-impl/2.3.3/jaxb-impl-2.3.3.jar:/Users/maximyeliseyev/.m2/repository/org/seleniumhq/selenium/selenium-java/3.141.59/selenium-java-3.141.59.jar:/Users/maximyeliseyev/.m2/repository/org/seleniumhq/selenium/selenium-api/3.141.59/selenium-api-3.141.59.jar:/Users/maximyeliseyev/.m2/repository/org/seleniumhq/selenium/selenium-chrome-driver/3.141.59/selenium-chrome-driver-3.141.59.jar:/Users/maximyeliseyev/.m2/repository/org/seleniumhq/selenium/selenium-edge-driver/3.141.59/selenium-edge-driver-3.141.59.jar:/Users/maximyeliseyev/.m2/repository/org/seleniumhq/selenium/selenium-firefox-driver/3.141.59/selenium-firefox-driver-3.141.59.jar:/Users/maximyeliseyev/.m2/repository/org/seleniumhq/selenium/selenium-ie-driver/3.141.59/selenium-ie-driver-3.141.59.jar:/Users/maximyeliseyev/.m2/repository/org/seleniumhq/selenium/selenium-opera-driver/3.141.59/selenium-opera-driver-3.141.59.jar:/Users/maximyeliseyev/.m2/repository/org/seleniumhq/selenium/selenium-remote-driver/3.141.59/selenium-remote-driver-3.141.59.jar:/Users/maximyeliseyev/.m2/repository/org/seleniumhq/selenium/selenium-safari-driver/3.141.59/selenium-safari-driver-3.141.59.jar:/Users/maximyeliseyev/.m2/repository/org/seleniumhq/selenium/selenium-support/3.141.59/selenium-support-3.141.59.jar:/Users/maximyeliseyev/.m2/repository/net/bytebuddy/byte-buddy/1.8.15/byte-buddy-1.8.15.jar:/Users/maximyeliseyev/.m2/repository/org/apache/commons/commons-exec/1.3/commons-exec-1.3.jar:/Users/maximyeliseyev/.m2/repository/com/google/guava/guava/25.0-jre/guava-25.0-jre.jar:/Users/maximyeliseyev/.m2/repository/com/google/code/findbugs/jsr305/1.3.9/jsr305-1.3.9.jar:/Users/maximyeliseyev/.m2/repository/org/checkerframework/checker-compat-qual/2.0.0/checker-compat-qual-2.0.0.jar:/Users/maximyeliseyev/.m2/repository/com/google/errorprone/error_prone_annotations/2.1.3/error_prone_annotations-2.1.3.jar:/Users/maximyeliseyev/.m2/repository/com/google/j2objc/j2objc-annotations/1.1/j2objc-annotations-1.1.jar:/Users/maximyeliseyev/.m2/repository/org/codehaus/mojo/animal-sniffer-annotations/1.14/animal-sniffer-annotations-1.14.jar:/Users/maximyeliseyev/.m2/repository/com/squareup/okhttp3/okhttp/3.11.0/okhttp-3.11.0.jar:/Users/maximyeliseyev/.m2/repository/com/squareup/okio/okio/1.14.0/okio-1.14.0.jar:/Users/maximyeliseyev/.m2/repository/com/codeborne/selenide/5.23.2/selenide-5.23.2.jar:/Users/maximyeliseyev/.m2/repository/io/github/bonigarcia/webdrivermanager/4.4.3/webdrivermanager-4.4.3.jar:/Users/maximyeliseyev/.m2/repository/commons-io/commons-io/2.8.0/commons-io-2.8.0.jar:/Users/maximyeliseyev/.m2/repository/com/google/code/gson/gson/2.8.6/gson-2.8.6.jar:/Users/maximyeliseyev/.m2/repository/org/jsoup/jsoup/1.13.1/jsoup-1.13.1.jar:/Users/maximyeliseyev/.m2/repository/org/rauschig/jarchivelib/1.1.0/jarchivelib-1.1.0.jar:/Users/maximyeliseyev/.m2/repository/org/apache/commons/commons-compress/1.20/commons-compress-1.20.jar:/Users/maximyeliseyev/.m2/repository/org/apache/httpcomponents/client5/httpclient5/5.1/httpclient5-5.1.jar:/Users/maximyeliseyev/.m2/repository/org/apache/httpcomponents/core5/httpcore5/5.1.1/httpcore5-5.1.1.jar:/Users/maximyeliseyev/.m2/repository/org/apache/httpcomponents/core5/httpcore5-h2/5.1.1/httpcore5-h2-5.1.1.jar:/Users/maximyeliseyev/.m2/repository/org/slf4j/slf4j-api/1.7.32/slf4j-api-1.7.32.jar:/Users/maximyeliseyev/.m2/repository/io/qameta/allure/allure-junit5/2.17.3/allure-junit5-2.17.3.jar:/Users/maximyeliseyev/.m2/repository/io/qameta/allure/allure-junit-platform/2.17.3/allure-junit-platform-2.17.3.jar:/Users/maximyeliseyev/.m2/repository/io/qameta/allure/allure-java-commons/2.17.3/allure-java-commons-2.17.3.jar:/Users/maximyeliseyev/.m2/repository/io/qameta/allure/allure-model/2.17.3/allure-model-2.17.3.jar:/Users/maximyeliseyev/.m2/repository/io/qameta/allure/allure-test-filter/2.17.3/allure-test-filter-2.17.3.jar:/Users/maximyeliseyev/.m2/repository/org/junit/platform/junit-platform-launcher/1.8.2/junit-platform-launcher-1.8.2.jar:/Users/maximyeliseyev/.m2/repository/io/qameta/allure/allure-rest-assured/2.17.3/allure-rest-assured-2.17.3.jar:/Users/maximyeliseyev/.m2/repository/io/qameta/allure/allure-attachments/2.17.3/allure-attachments-2.17.3.jar:/Users/maximyeliseyev/.m2/repository/org/freemarker/freemarker/2.3.31/freemarker-2.3.31.jar:/Users/maximyeliseyev/.m2/repository/com/github/javafaker/javafaker/1.0.2/javafaker-1.0.2.jar:/Users/maximyeliseyev/.m2/repository/org/apache/commons/commons-lang3/3.5/commons-lang3-3.5.jar:/Users/maximyeliseyev/.m2/repository/org/yaml/snakeyaml/1.23/snakeyaml-1.23-android.jar:/Users/maximyeliseyev/.m2/repository/com/github/mifmif/generex/1.0.2/generex-1.0.2.jar:/Users/maximyeliseyev/.m2/repository/dk/brics/automaton/automaton/1.11-8/automaton-1.11-8.jar:/Users/maximyeliseyev/.m2/repository/pl/pragmatists/JUnitParams/1.0.4/JUnitParams-1.0.4.jar:/Users/maximyeliseyev/.m2/repository/junit/junit/4.11/junit-4.11.jar:/Users/maximyeliseyev/.m2/repository/org/hamcrest/hamcrest-core/1.3/hamcrest-core-1.3.jar:"/>
    <property name="allure.results.directory" value="/Users/maximyeliseyev/Documents/YandexPracticum/Diplom/Diplom_3/Diplom_3/target/allure-results"/>
    <property name="sun.cpu.endian" value="little"/>
    <property name="user.home" value="/Users/maximyeliseyev"/>
    <property name="user.language" value="en"/>
    <property name="java.specification.vendor" value="Oracle Corporation"/>
    <property name="java.version.date" value="2023-04-18"/>
    <property name="java.home" value="/usr/local/Cellar/openjdk/20.0.1/libexec/openjdk.jdk/Contents/Home"/>
    <property name="file.separator" value="/"/>
    <property name="basedir" value="/Users/maximyeliseyev/Documents/YandexPracticum/Diplom/Diplom_3/Diplom_3"/>
    <property name="java.vm.compressedOopsMode" value="Zero based"/>
    <property name="line.separator" value="&#10;"/>
    <property name="java.vm.specification.vendor" value="Oracle Corporation"/>
    <property name="java.specification.name" value="Java Platform API Specification"/>
    <property name="apple.awt.application.name" value="ForkedBooter"/>
    <property name="surefire.real.class.path" value="/Users/maximyeliseyev/Documents/YandexPracticum/Diplom/Diplom_3/Diplom_3/target/surefire/surefirebooter241184233682338388.jar"/>
    <property name="sun.management.compiler" value="HotSpot 64-Bit Tiered Compilers"/>
    <property name="ftp.nonProxyHosts" value="local|*.local|169.254/16|*.169.254/16"/>
    <property name="java.runtime.version" value="20.0.1"/>
    <property name="user.name" value="maximyeliseyev"/>
    <property name="stdout.encoding" value="UTF-8"/>
    <property name="path.separator" value=":"/>
    <property name="os.version" value="12.6.3"/>
    <property name="java.runtime.name" value="OpenJDK Runtime Environment"/>
    <property name="file.encoding" value="UTF-8"/>
    <property name="java.vm.name" value="OpenJDK 64-Bit Server VM"/>
    <property name="java.vendor.version" value="Homebrew"/>
    <property name="localRepository" value="/Users/maximyeliseyev/.m2/repository"/>
    <property name="java.vendor.url.bug" value="https://github.com/Homebrew/homebrew-core/issues"/>
    <property name="java.io.tmpdir" value="/var/folders/yt/fkqfp1k10v57v_2k06qzlkwh0000gn/T/"/>
    <property name="java.version" value="20.0.1"/>
    <property name="user.dir" value="/Users/maximyeliseyev/Documents/YandexPracticum/Diplom/Diplom_3/Diplom_3"/>
    <property name="os.arch" value="x86_64"/>
    <property name="java.vm.specification.name" value="Java Virtual Machine Specification"/>
    <property name="native.encoding" value="UTF-8"/>
    <property name="java.library.path" value="/Users/maximyeliseyev/Library/Java/Extensions:/Library/Java/Extensions:/Network/Library/Java/Extensions:/System/Library/Java/Extensions:/usr/lib/java:."/>
    <property name="java.vm.info" value="mixed mode, sharing"/>
    <property name="stderr.encoding" value="UTF-8"/>
    <property name="java.vendor" value="Homebrew"/>
    <property name="java.vm.version" value="20.0.1"/>
    <property name="sun.io.unicode.encoding" value="UnicodeBig"/>
    <property name="socksNonProxyHosts" value="local|*.local|169.254/16|*.169.254/16"/>
    <property name="java.class.version" value="64.0"/>
  </properties>
  <testcase name="shouldSelectSauce" classname="MainPageTest" time="0.516"/>
  <testcase name="shouldCheckActiveSauceTab" classname="MainPageTest" time="5.688"/>
  <testcase name="shouldSelectFilling" classname="MainPageTest" time="0.098"/>
  <testcase name="shouldCheckActiveFillingTab" classname="MainPageTest" time="5.495"/>
  <testcase name="shouldSelectBun" classname="MainPageTest" time="0.106"/>
  <testcase name="shouldCheckActiveBunTab" classname="MainPageTest" time="5.513"/>
</testsuite>